<?xml version="1.0" encoding="UTF-8"?>
<!-- Generated by org.testng.reporters.JUnitReportReporter -->
<testsuite hostname="MAHFUJ-1B5SPLO" failures="0" tests="3" name="testLogIn.TestSanitizedBuses" time="35.402" errors="0" timestamp="2020-09-24T18:58:10 EDT" skipped="0">
  <testcase classname="testLogIn.TestSanitizedBuses" name="ListYourProperty" time="13.203"/>
  <system-out/>
  <testcase classname="testLogIn.TestSanitizedBuses" name="Tours" time="8.643"/>
  <system-out/>
  <testcase classname="testLogIn.TestSanitizedBuses" name="Charters" time="13.556"/>
  <system-out/>
</testsuite> <!-- testLogIn.TestSanitizedBuses -->
