<?xml version="1.0" encoding="UTF-8"?>
<!-- Generated by org.testng.reporters.JUnitReportReporter -->
<testsuite hostname="MAHFUJ-1B5SPLO" name="testLogIn.LogInWithValidCredential" tests="1" failures="0" timestamp="5 Sep 2020 22:49:57 GMT" time="12.527" errors="0">
  <testcase name="logInWithValidCredential" time="12.527" classname="testLogIn.LogInWithValidCredential"/>
</testsuite> <!-- testLogIn.LogInWithValidCredential -->
