<?xml version="1.0" encoding="UTF-8"?>
<!-- Generated by org.testng.reporters.JUnitReportReporter -->
<testsuite hostname="MAHFUJ-1B5SPLO" name="testLogIn.SightSeeing" tests="2" failures="0" timestamp="24 Sep 2020 23:01:50 GMT" time="25.299" errors="0">
  <testcase name="TestSightSeeing" time="12.689" classname="testLogIn.SightSeeing"/>
  <testcase name="AirportTransport" time="12.610" classname="testLogIn.SightSeeing"/>
</testsuite> <!-- testLogIn.SightSeeing -->
