<?xml version="1.0" encoding="UTF-8"?>
<!-- Generated by org.testng.reporters.JUnitReportReporter -->
<testsuite hostname="MAHFUJ-1B5SPLO" name="testLogIn.LogInWithValidCredential" tests="1" failures="0" timestamp="24 Sep 2020 23:01:50 GMT" time="41.301" errors="0">
  <testcase name="logInWithValidCredential" time="41.301" classname="testLogIn.LogInWithValidCredential"/>
</testsuite> <!-- testLogIn.LogInWithValidCredential -->
