<?xml version="1.0" encoding="UTF-8"?>
<!-- Generated by org.testng.reporters.JUnitReportReporter -->
<testsuite hostname="MAHFUJ-1B5SPLO" failures="0" tests="3" name="testLogIn.TestSanitizedBuses" time="26.576" errors="0" timestamp="2020-09-22T19:25:34 EDT" skipped="1">
  <testcase classname="testLogIn.TestSanitizedBuses" name="ListYourProperty" time="13.662"/>
  <system-out/>
  <testcase classname="testLogIn.TestSanitizedBuses" name="Tours" time="12.914"/>
  <system-out/>
  <testcase classname="testLogIn.TestSanitizedBuses" name="Charters">
    <skipped/>
  </testcase> <!-- Charters -->
  <system-out/>
</testsuite> <!-- testLogIn.TestSanitizedBuses -->
