<?xml version="1.0" encoding="UTF-8"?>
<!-- Generated by org.testng.reporters.JUnitReportReporter -->
<testsuite hostname="MAHFUJ-1B5SPLO" name="testLogIn.LogInWithValidCredential" tests="1" failures="0" timestamp="10 Sep 2020 21:35:10 GMT" time="26.390" errors="0">
  <testcase name="logInWithValidCredential" time="26.390" classname="testLogIn.LogInWithValidCredential"/>
</testsuite> <!-- testLogIn.LogInWithValidCredential -->
