<?xml version="1.0" encoding="UTF-8"?>
<!-- Generated by org.testng.reporters.JUnitReportReporter -->
<testsuite hostname="MAHFUJ-1B5SPLO" name="testLogIn.LogInWithValidCredential" tests="1" failures="0" timestamp="20 Sep 2020 15:32:47 GMT" time="14.381" errors="0">
  <testcase name="logInWithValidCredential" time="14.381" classname="testLogIn.LogInWithValidCredential"/>
</testsuite> <!-- testLogIn.LogInWithValidCredential -->
