<?xml version="1.0" encoding="UTF-8"?>
<!-- Generated by org.testng.reporters.JUnitReportReporter -->
<testsuite hostname="MAHFUJ-1B5SPLO" name="testLogIn.TestSanitizedBuses" tests="1" failures="0" timestamp="10 Sep 2020 21:35:10 GMT" time="10.229" errors="0">
  <testcase name="ListYourProperty" time="10.229" classname="testLogIn.TestSanitizedBuses"/>
</testsuite> <!-- testLogIn.TestSanitizedBuses -->
