<?xml version="1.0" encoding="UTF-8"?>
<!-- Generated by org.testng.reporters.JUnitReportReporter -->
<testsuite hostname="MAHFUJ-1B5SPLO" failures="0" tests="1" name="testLogIn.LookingForScheduales" time="13.842" errors="0" timestamp="2020-09-05T18:03:51 EDT" skipped="0">
  <testcase classname="testLogIn.LookingForScheduales" name="ListYourProperty" time="13.842"/>
  <system-out/>
</testsuite> <!-- testLogIn.LookingForScheduales -->
