<?xml version="1.0" encoding="UTF-8"?>
<!-- Generated by org.testng.reporters.JUnitReportReporter -->
<testsuite hostname="MAHFUJ-1B5SPLO" name="testLogIn.LogInWithValidCredential" tests="1" failures="0" timestamp="4 Sep 2020 23:04:03 GMT" time="14.507" errors="0">
  <testcase name="logInWithValidCredential" time="14.507" classname="testLogIn.LogInWithValidCredential"/>
</testsuite> <!-- testLogIn.LogInWithValidCredential -->
