<?xml version="1.0" encoding="UTF-8"?>
<!-- Generated by org.testng.reporters.JUnitReportReporter -->
<testsuite hostname="MAHFUJ-1B5SPLO" name="testLogIn.TestSanitizedBuses" tests="3" failures="0" timestamp="20 Sep 2020 15:32:47 GMT" time="34.042" errors="0">
  <testcase name="ListYourProperty" time="9.482" classname="testLogIn.TestSanitizedBuses"/>
  <testcase name="SightSeeing" time="12.378" classname="testLogIn.TestSanitizedBuses"/>
  <testcase name="Tours" time="12.182" classname="testLogIn.TestSanitizedBuses"/>
</testsuite> <!-- testLogIn.TestSanitizedBuses -->
