<?xml version="1.0" encoding="UTF-8"?>
<!-- Generated by org.testng.reporters.JUnitReportReporter -->
<testsuite hostname="MAHFUJ-1B5SPLO" name="testLogIn.TestSanitizedBuses" tests="1" failures="0" timestamp="5 Sep 2020 22:49:57 GMT" time="14.483" errors="0">
  <testcase name="ListYourProperty" time="14.483" classname="testLogIn.TestSanitizedBuses"/>
</testsuite> <!-- testLogIn.TestSanitizedBuses -->
