<?xml version="1.0" encoding="UTF-8"?>
<!-- Generated by org.testng.reporters.JUnitReportReporter -->
<testsuite hostname="MAHFUJ-1B5SPLO" failures="0" tests="1" name="testLogIn.LogInWithValidCredential" time="15.293" errors="0" timestamp="2020-09-22T19:25:34 EDT" skipped="0">
  <testcase classname="testLogIn.LogInWithValidCredential" name="logInWithValidCredential" time="15.293"/>
  <system-out/>
</testsuite> <!-- testLogIn.LogInWithValidCredential -->
