<?xml version="1.0" encoding="UTF-8"?>
<!-- Generated by org.testng.reporters.JUnitReportReporter -->
<testsuite hostname="MAHFUJ-1B5SPLO" failures="0" tests="1" name="testLogIn.LogInWithValidCredential" time="14.404" errors="0" timestamp="2020-09-03T19:29:13 EDT" skipped="0">
  <testcase classname="testLogIn.LogInWithValidCredential" name="logInWithValidCredential" time="14.404"/>
  <system-out/>
</testsuite> <!-- testLogIn.LogInWithValidCredential -->
