<?xml version="1.0" encoding="UTF-8"?>
<!-- Generated by org.testng.reporters.JUnitReportReporter -->
<testsuite hostname="MAHFUJ-1B5SPLO" name="testLogIn.TestListYourProperty" tests="1" failures="0" timestamp="31 Aug 2020 22:29:41 GMT" time="9.592" errors="0">
  <testcase name="ListYourProperty" time="9.592" classname="testLogIn.TestListYourProperty"/>
</testsuite> <!-- testLogIn.TestListYourProperty -->
