<?xml version="1.0" encoding="UTF-8"?>
<!-- Generated by org.testng.reporters.JUnitReportReporter -->
<testsuite hostname="MAHFUJ-1B5SPLO" name="testLogIn.TestSanitizedBuses" tests="3" failures="0" timestamp="24 Sep 2020 23:01:50 GMT" time="38.330" errors="0">
  <testcase name="ListYourProperty" time="12.898" classname="testLogIn.TestSanitizedBuses"/>
  <testcase name="Tours" time="12.306" classname="testLogIn.TestSanitizedBuses"/>
  <testcase name="Charters" time="13.126" classname="testLogIn.TestSanitizedBuses"/>
</testsuite> <!-- testLogIn.TestSanitizedBuses -->
