<?xml version="1.0" encoding="UTF-8"?>
<!-- Generated by org.testng.reporters.JUnitReportReporter -->
<testsuite hostname="MAHFUJ-1B5SPLO" failures="0" tests="2" name="testLogIn.SightSeeing" time="21.663" errors="0" timestamp="2020-09-24T18:54:46 EDT" skipped="0">
  <testcase classname="testLogIn.SightSeeing" name="TestSightSeeing" time="8.598"/>
  <system-out/>
  <testcase classname="testLogIn.SightSeeing" name="AirportTransport" time="13.065"/>
  <system-out/>
</testsuite> <!-- testLogIn.SightSeeing -->
