<?xml version="1.0" encoding="UTF-8"?>
<!-- Generated by org.testng.reporters.JUnitReportReporter -->
<testsuite hostname="MAHFUJ-1B5SPLO" failures="0" tests="1" name="testLogIn.TestSanitizedBuses" time="8.471" errors="0" timestamp="2020-09-05T18:42:35 EDT" skipped="0">
  <testcase classname="testLogIn.TestSanitizedBuses" name="ListYourProperty" time="8.471"/>
  <system-out/>
</testsuite> <!-- testLogIn.TestSanitizedBuses -->
